# JRE version: Java(TM) SE Runtime Environment (7.0_67-b01) (build 1.7.0_67-b01)
# Java VM: Java HotSpot(TM) 64-Bit Server VM (24.65-b04 mixed mode bsd-amd64 compressed oops)
Heap
 PSYoungGen      total 111616K, used 12352K [0x00000007eaa80000, 0x00000007f2b80000, 0x0000000800000000)
  eden space 91136K, 0% used [0x00000007eaa80000,0x00000007eaa80000,0x00000007f0380000)
  from space 20480K, 60% used [0x00000007f1780000,0x00000007f2390000,0x00000007f2b80000)
  to   space 20480K, 0% used [0x00000007f0380000,0x00000007f0380000,0x00000007f1780000)
 ParOldGen       total 43520K, used 35300K [0x00000007c0000000, 0x00000007c2a80000, 0x00000007eaa80000)
  object space 43520K, 81% used [0x00000007c0000000,0x00000007c22792a8,0x00000007c2a80000)
 PSPermGen       total 38400K, used 38140K [0x00000007a0000000, 0x00000007a2580000, 0x00000007c0000000)
  object space 38400K, 99% used [0x00000007a0000000,0x00000007a253f070,0x00000007a2580000)
GC Heap History (10 events):
Event: 7.179 GC heap after
Heap after GC invocations=6 (full 0):
 PSYoungGen      total 73216K, used 9110K [0x00000007eaa80000, 0x00000007eff80000, 0x0000000800000000)
  eden space 62464K, 0% used [0x00000007eaa80000,0x00000007eaa80000,0x00000007ee780000)
  from space 10752K, 84% used [0x00000007ef500000,0x00000007efde5af0,0x00000007eff80000)
  to   space 12288K, 0% used [0x00000007ee780000,0x00000007ee780000,0x00000007ef380000)
 ParOldGen       total 43520K, used 16415K [0x00000007c0000000, 0x00000007c2a80000, 0x00000007eaa80000)
  object space 43520K, 37% used [0x00000007c0000000,0x00000007c1007c60,0x00000007c2a80000)
 PSPermGen       total 26112K, used 25998K [0x00000007a0000000, 0x00000007a1980000, 0x00000007c0000000)
  object space 26112K, 99% used [0x00000007a0000000,0x00000007a1963900,0x00000007a1980000)
}
Event: 8.268 GC heap before
{Heap before GC invocations=7 (full 0):
 PSYoungGen      total 73216K, used 71574K [0x00000007eaa80000, 0x00000007eff80000, 0x0000000800000000)
  eden space 62464K, 100% used [0x00000007eaa80000,0x00000007ee780000,0x00000007ee780000)
  from space 10752K, 84% used [0x00000007ef500000,0x00000007efde5af0,0x00000007eff80000)
  to   space 12288K, 0% used [0x00000007ee780000,0x00000007ee780000,0x00000007ef380000)
 ParOldGen       total 43520K, used 16415K [0x00000007c0000000, 0x00000007c2a80000, 0x00000007eaa80000)
  object space 43520K, 37% used [0x00000007c0000000,0x00000007c1007c60,0x00000007c2a80000)
 PSPermGen       total 30208K, used 29704K [0x00000007a0000000, 0x00000007a1d80000, 0x00000007c0000000)
  object space 30208K, 98% used [0x00000007a0000000,0x00000007a1d02118,0x00000007a1d80000)
Event: 8.281 GC heap after
Heap after GC invocations=7 (full 0):
 PSYoungGen      total 72704K, used 12275K [0x00000007eaa80000, 0x00000007f0380000, 0x0000000800000000)
  eden space 60416K, 0% used [0x00000007eaa80000,0x00000007eaa80000,0x00000007ee580000)
  from space 12288K, 99% used [0x00000007ee780000,0x00000007ef37ce50,0x00000007ef380000)
  to   space 15360K, 0% used [0x00000007ef480000,0x00000007ef480000,0x00000007f0380000)
 ParOldGen       total 43520K, used 18146K [0x00000007c0000000, 0x00000007c2a80000, 0x00000007eaa80000)
  object space 43520K, 41% used [0x00000007c0000000,0x00000007c11b8958,0x00000007c2a80000)
 PSPermGen       total 30208K, used 29704K [0x00000007a0000000, 0x00000007a1d80000, 0x00000007c0000000)
  object space 30208K, 98% used [0x00000007a0000000,0x00000007a1d02118,0x00000007a1d80000)
}
Event: 9.744 GC heap before
{Heap before GC invocations=8 (full 0):
 PSYoungGen      total 72704K, used 72691K [0x00000007eaa80000, 0x00000007f0380000, 0x0000000800000000)
  eden space 60416K, 100% used [0x00000007eaa80000,0x00000007ee580000,0x00000007ee580000)
  from space 12288K, 99% used [0x00000007ee780000,0x00000007ef37ce50,0x00000007ef380000)
  to   space 15360K, 0% used [0x00000007ef480000,0x00000007ef480000,0x00000007f0380000)
 ParOldGen       total 43520K, used 18146K [0x00000007c0000000, 0x00000007c2a80000, 0x00000007eaa80000)
  object space 43520K, 41% used [0x00000007c0000000,0x00000007c11b8958,0x00000007c2a80000)
 PSPermGen       total 34304K, used 34188K [0x00000007a0000000, 0x00000007a2180000, 0x00000007c0000000)
  object space 34304K, 99% used [0x00000007a0000000,0x00000007a2163340,0x00000007a2180000)
Event: 9.762 GC heap after
Heap after GC invocations=8 (full 0):
 PSYoungGen      total 72192K, used 15348K [0x00000007eaa80000, 0x00000007f4580000, 0x0000000800000000)
  eden space 56832K, 0% used [0x00000007eaa80000,0x00000007eaa80000,0x00000007ee200000)
  from space 15360K, 99% used [0x00000007ef480000,0x00000007f037d180,0x00000007f0380000)
  to   space 18944K, 0% used [0x00000007ee200000,0x00000007ee200000,0x00000007ef480000)
 ParOldGen       total 43520K, used 21054K [0x00000007c0000000, 0x00000007c2a80000, 0x00000007eaa80000)
  object space 43520K, 48% used [0x00000007c0000000,0x00000007c148fa48,0x00000007c2a80000)
 PSPermGen       total 34304K, used 34188K [0x00000007a0000000, 0x00000007a2180000, 0x00000007c0000000)
  object space 34304K, 99% used [0x00000007a0000000,0x00000007a2163340,0x00000007a2180000)
}
Event: 10.785 GC heap before
{Heap before GC invocations=9 (full 0):
 PSYoungGen      total 72192K, used 72180K [0x00000007eaa80000, 0x00000007f4580000, 0x0000000800000000)
  eden space 56832K, 100% used [0x00000007eaa80000,0x00000007ee200000,0x00000007ee200000)
  from space 15360K, 99% used [0x00000007ef480000,0x00000007f037d180,0x00000007f0380000)
  to   space 18944K, 0% used [0x00000007ee200000,0x00000007ee200000,0x00000007ef480000)
 ParOldGen       total 43520K, used 21054K [0x00000007c0000000, 0x00000007c2a80000, 0x00000007eaa80000)
  object space 43520K, 48% used [0x00000007c0000000,0x00000007c148fa48,0x00000007c2a80000)
 PSPermGen       total 37376K, used 36958K [0x00000007a0000000, 0x00000007a2480000, 0x00000007c0000000)
  object space 37376K, 98% used [0x00000007a0000000,0x00000007a2417970,0x00000007a2480000)
Event: 10.819 GC heap after
Heap after GC invocations=9 (full 0):
 PSYoungGen      total 75776K, used 15767K [0x00000007eaa80000, 0x00000007f2b80000, 0x0000000800000000)
  eden space 56832K, 0% used [0x00000007eaa80000,0x00000007eaa80000,0x00000007ee200000)
  from space 18944K, 83% used [0x00000007ee200000,0x00000007ef165d68,0x00000007ef480000)
  to   space 20480K, 0% used [0x00000007f1780000,0x00000007f1780000,0x00000007f2b80000)
 ParOldGen       total 43520K, used 26597K [0x00000007c0000000, 0x00000007c2a80000, 0x00000007eaa80000)
  object space 43520K, 61% used [0x00000007c0000000,0x00000007c19f9750,0x00000007c2a80000)
 PSPermGen       total 37376K, used 36958K [0x00000007a0000000, 0x00000007a2480000, 0x00000007c0000000)
  object space 37376K, 98% used [0x00000007a0000000,0x00000007a2417970,0x00000007a2480000)
}
Event: 11.907 GC heap before
{Heap before GC invocations=10 (full 0):
 PSYoungGen      total 75776K, used 72599K [0x00000007eaa80000, 0x00000007f2b80000, 0x0000000800000000)
  eden space 56832K, 100% used [0x00000007eaa80000,0x00000007ee200000,0x00000007ee200000)
  from space 18944K, 83% used [0x00000007ee200000,0x00000007ef165d68,0x00000007ef480000)
  to   space 20480K, 0% used [0x00000007f1780000,0x00000007f1780000,0x00000007f2b80000)
 ParOldGen       total 43520K, used 26597K [0x00000007c0000000, 0x00000007c2a80000, 0x00000007eaa80000)
  object space 43520K, 61% used [0x00000007c0000000,0x00000007c19f9750,0x00000007c2a80000)
 PSPermGen       total 38400K, used 38140K [0x00000007a0000000, 0x00000007a2580000, 0x00000007c0000000)
  object space 38400K, 99% used [0x00000007a0000000,0x00000007a253f070,0x00000007a2580000)
Event: 11.930 GC heap after
Heap after GC invocations=10 (full 0):
 PSYoungGen      total 111616K, used 12352K [0x00000007eaa80000, 0x00000007f2b80000, 0x0000000800000000)
  eden space 91136K, 0% used [0x00000007eaa80000,0x00000007eaa80000,0x00000007f0380000)
  from space 20480K, 60% used [0x00000007f1780000,0x00000007f2390000,0x00000007f2b80000)
  to   space 20480K, 0% used [0x00000007f0380000,0x00000007f0380000,0x00000007f1780000)
 ParOldGen       total 43520K, used 35300K [0x00000007c0000000, 0x00000007c2a80000, 0x00000007eaa80000)
  object space 43520K, 81% used [0x00000007c0000000,0x00000007c22792a8,0x00000007c2a80000)
 PSPermGen       total 38400K, used 38140K [0x00000007a0000000, 0x00000007a2580000, 0x00000007c0000000)
  object space 38400K, 99% used [0x00000007a0000000,0x00000007a253f070,0x00000007a2580000)
}
Event: 11.954 GC heap before
{Heap before GC invocations=11 (full 1):
 PSYoungGen      total 111616K, used 12352K [0x00000007eaa80000, 0x00000007f2b80000, 0x0000000800000000)
  eden space 91136K, 0% used [0x00000007eaa80000,0x00000007eaa80000,0x00000007f0380000)
  from space 20480K, 60% used [0x00000007f1780000,0x00000007f2390000,0x00000007f2b80000)
  to   space 20480K, 0% used [0x00000007f0380000,0x00000007f0380000,0x00000007f1780000)
 ParOldGen       total 43520K, used 35300K [0x00000007c0000000, 0x00000007c2a80000, 0x00000007eaa80000)
  object space 43520K, 81% used [0x00000007c0000000,0x00000007c22792a8,0x00000007c2a80000)
 PSPermGen       total 38400K, used 38140K [0x00000007a0000000, 0x00000007a2580000, 0x00000007c0000000)
  object space 38400K, 99% used [0x00000007a0000000,0x00000007a253f070,0x00000007a2580000)

